<?xml version="1.0" encoding="UTF-8"?>
<testng-results skipped="0" failed="0" ignored="0" total="1" passed="1">
  <reporter-output>
  </reporter-output>
  <suite name="Default suite" duration-ms="91882" started-at="2019-04-25T11:58:36Z" finished-at="2019-04-25T12:00:08Z">
    <groups>
    </groups>
    <test name="Default test" duration-ms="91882" started-at="2019-04-25T11:58:36Z" finished-at="2019-04-25T12:00:08Z">
      <class name="com.mmt.tests.SearchFlightTests">
        <test-method status="PASS" signature="init()[pri:0, instance:com.mmt.tests.SearchFlightTests@26653222]" name="init" is-config="true" duration-ms="56616" started-at="2019-04-25T11:58:36Z" finished-at="2019-04-25T11:59:33Z">
          <reporter-output>
          </reporter-output>
        </test-method> <!-- init -->
        <test-method status="PASS" signature="setUp()[pri:0, instance:com.mmt.tests.SearchFlightTests@26653222]" name="setUp" is-config="true" duration-ms="1757" started-at="2019-04-25T11:59:33Z" finished-at="2019-04-25T11:59:35Z">
          <reporter-output>
          </reporter-output>
        </test-method> <!-- setUp -->
        <test-method status="PASS" signature="beforeMethod(org.testng.ITestResult)[pri:0, instance:com.mmt.tests.SearchFlightTests@26653222]" name="beforeMethod" is-config="true" duration-ms="4" started-at="2019-04-25T11:59:35Z" finished-at="2019-04-25T11:59:35Z">
          <params>
            <param index="0">
              <value>
                <![CDATA[[TestResult name=searchFlight status=SUCCESS method=SearchFlightTests.searchFlight()[pri:0, instance:com.mmt.tests.SearchFlightTests@26653222] output={null}]]]>
              </value>
            </param>
          </params>
          <reporter-output>
          </reporter-output>
        </test-method> <!-- beforeMethod -->
        <test-method status="PASS" signature="searchFlight()[pri:0, instance:com.mmt.tests.SearchFlightTests@26653222]" name="searchFlight" duration-ms="27946" started-at="2019-04-25T11:59:35Z" finished-at="2019-04-25T12:00:03Z">
          <reporter-output>
          </reporter-output>
        </test-method> <!-- searchFlight -->
        <test-method status="PASS" signature="afterMethod(org.testng.ITestResult)[pri:0, instance:com.mmt.tests.SearchFlightTests@26653222]" name="afterMethod" is-config="true" duration-ms="0" started-at="2019-04-25T12:00:03Z" finished-at="2019-04-25T12:00:03Z">
          <params>
            <param index="0">
              <value>
                <![CDATA[[TestResult name=searchFlight status=SUCCESS method=SearchFlightTests.searchFlight()[pri:0, instance:com.mmt.tests.SearchFlightTests@26653222] output={null}]]]>
              </value>
            </param>
          </params>
          <reporter-output>
          </reporter-output>
        </test-method> <!-- afterMethod -->
        <test-method status="FAIL" signature="getTotalFlights()[pri:0, instance:com.mmt.tests.SearchFlightTests@26653222]" name="getTotalFlights" is-config="true" duration-ms="5183" started-at="2019-04-25T12:00:03Z" finished-at="2019-04-25T12:00:08Z">
          <exception class="java.lang.ArrayIndexOutOfBoundsException">
            <message>
              <![CDATA[-1]]>
            </message>
            <full-stacktrace>
              <![CDATA[java.lang.ArrayIndexOutOfBoundsException: -1
at java.util.ArrayList.elementData(ArrayList.java:422)
at java.util.ArrayList.get(ArrayList.java:435)
at com.mmt.pages.FlightsResultsPage.scrollReturnFlightsView(FlightsResultsPage.java:74)
at com.mmt.pages.FlightsResultsPage.getTotalReturnFlights(FlightsResultsPage.java:60)
at com.mmt.tests.SearchFlightTests.getTotalFlights(SearchFlightTests.java:91)
at sun.reflect.NativeMethodAccessorImpl.invoke0(Native Method)
at sun.reflect.NativeMethodAccessorImpl.invoke(NativeMethodAccessorImpl.java:62)
at sun.reflect.DelegatingMethodAccessorImpl.invoke(DelegatingMethodAccessorImpl.java:43)
at java.lang.reflect.Method.invoke(Method.java:498)
at org.testng.internal.MethodInvocationHelper.invokeMethod(MethodInvocationHelper.java:124)
at org.testng.internal.MethodInvocationHelper.invokeMethodConsideringTimeout(MethodInvocationHelper.java:59)
at org.testng.internal.Invoker.invokeConfigurationMethod(Invoker.java:458)
at org.testng.internal.Invoker.invokeConfigurations(Invoker.java:222)
at org.testng.internal.Invoker.invokeConfigurations(Invoker.java:142)
at org.testng.internal.TestMethodWorker.invokeAfterClassMethods(TestMethodWorker.java:214)
at org.testng.internal.TestMethodWorker.run(TestMethodWorker.java:111)
at org.testng.TestRunner.privateRun(TestRunner.java:648)
at org.testng.TestRunner.run(TestRunner.java:505)
at org.testng.SuiteRunner.runTest(SuiteRunner.java:455)
at org.testng.SuiteRunner.runSequentially(SuiteRunner.java:450)
at org.testng.SuiteRunner.privateRun(SuiteRunner.java:415)
at org.testng.SuiteRunner.run(SuiteRunner.java:364)
at org.testng.SuiteRunnerWorker.runSuite(SuiteRunnerWorker.java:52)
at org.testng.SuiteRunnerWorker.run(SuiteRunnerWorker.java:84)
at org.testng.TestNG.runSuitesSequentially(TestNG.java:1208)
at org.testng.TestNG.runSuitesLocally(TestNG.java:1137)
at org.testng.TestNG.runSuites(TestNG.java:1049)
at org.testng.TestNG.run(TestNG.java:1017)
at org.testng.remote.AbstractRemoteTestNG.run(AbstractRemoteTestNG.java:115)
at org.testng.remote.RemoteTestNG.initAndRun(RemoteTestNG.java:251)
at org.testng.remote.RemoteTestNG.main(RemoteTestNG.java:77)
]]>
            </full-stacktrace>
          </exception> <!-- java.lang.ArrayIndexOutOfBoundsException -->
          <reporter-output>
          </reporter-output>
        </test-method> <!-- getTotalFlights -->
        <test-method status="SKIP" signature="afterTest()[pri:0, instance:com.mmt.tests.SearchFlightTests@26653222]" name="afterTest" is-config="true" duration-ms="0" started-at="2019-04-25T12:00:09Z" finished-at="2019-04-25T12:00:09Z">
          <reporter-output>
          </reporter-output>
        </test-method> <!-- afterTest -->
      </class> <!-- com.mmt.tests.SearchFlightTests -->
    </test> <!-- Default test -->
  </suite> <!-- Default suite -->
</testng-results>
